# Time-averaged data for fix 3
# TimeStep v_xstress v_ystress v_zstress
1000 0.135119 -0.0708582 2.08376
2000 -0.160766 0.123253 3.94287
3000 0.0353019 -0.0392656 6.29941
4000 -0.0139444 -0.0237236 8.32398
5000 0.0186428 0.01646 10.3675
6000 0.000490536 0.0201623 12.3497
7000 -0.00815674 -0.00444014 14.218
8000 0.00061345 0.00372276 16.1315
9000 0.0171946 -0.010511 18.0871
10000 -0.0130505 0.0241917 19.966
11000 0.0233792 -0.0355184 21.7953
12000 -0.0225708 0.0378657 23.7073
13000 0.0295282 -0.0146882 25.5328
14000 -0.0272875 0.0116909 27.3596
15000 0.0251076 -0.0303674 29.1954
16000 -0.0221686 0.0402318 31.0701
17000 0.0319279 -0.0150061 32.8809
18000 -0.0263305 0.0163995 34.7897
19000 0.0262034 -0.0172791 36.6826
20000 -0.0226455 0.0226949 38.6681
21000 0.0291422 -0.0107731 40.5477
22000 -0.0129795 0.0139372 42.393
23000 -0.00418014 -0.010599 44.1634
24000 0.00529714 -8.65272e-05 45.8842
25000 0.0111312 0.000488712 47.6049
26000 -0.00668248 0.00781334 49.2312
27000 0.00581933 0.00792745 50.797
28000 0.00294458 -0.00278276 52.3271
29000 0.0024227 0.0225103 53.7852
30000 0.0256866 -0.018297 55.2192
31000 -0.0170601 0.0258815 56.5707
32000 0.00943529 -0.00252924 57.9081
33000 -8.23446e-05 0.00979344 59.2557
34000 -0.00444699 -0.0189035 60.6354
35000 0.00753374 0.00781929 61.9249
36000 -0.00948618 0.00435107 63.1872
37000 -0.00176863 -0.00114875 64.4374
38000 0.0102264 0.014541 65.6284
39000 0.00432837 0.0104872 66.873
40000 0.00636811 -0.00937265 68.1054
41000 -0.00113515 -0.00536553 69.3385
42000 -0.00839586 -0.000979671 70.5462
43000 0.00370262 0.00854793 71.712
44000 0.0240591 0.0109942 72.9446
45000 -0.00479408 0.00538465 74.153
46000 0.000207026 -0.010565 75.3905
47000 -9.33087e-06 0.00360818 76.6361
48000 0.017767 0.00498632 77.8303
49000 -0.00907496 -0.00642782 79.0745
50000 0.00201972 0.0131637 80.3492
51000 0.0181733 -0.00647027 81.6109
52000 -0.0099038 0.00966008 82.9761
53000 -0.000966423 -0.0154405 84.2827
54000 0.0103547 0.0197386 85.7199
55000 0.0114171 0.00312095 87.1923
56000 0.00986712 0.00105738 88.7864
57000 -0.00509739 -0.00776549 90.3919
58000 -0.00486666 6.64384e-05 92.2138
59000 0.000483776 0.00983807 94.2222
60000 0.0108401 0.0098172 96.2969
61000 -0.00101087 0.00580642 98.7414
62000 0.00558232 0.00906158 101.472
63000 -0.00110354 0.00450901 104.41
64000 0.00671425 0.00562383 107.666
65000 -0.00910517 -0.00258489 111.469
66000 0.00649184 -0.0168263 115.462
67000 0.00392068 0.0100877 119.916
68000 -0.00481721 0.0165105 124.643
69000 0.0171156 -0.015295 129.673
70000 -0.000166827 0.0174163 135.102
71000 -0.00281841 0.00294242 140.623
72000 -0.00197895 0.00742155 146.615
73000 0.00414885 0.00266842 152.926
74000 0.00828468 0.00229214 159.676
75000 0.0018937 0.00641944 167.054
76000 0.00584304 0.00377743 175.004
77000 -0.000289386 -0.000161183 183.383
78000 -0.0945441 -0.165522 91.4007
79000 -0.0169469 0.0406154 -2.29882
80000 0.0169941 0.013203 -1.27273
81000 -0.00404234 -0.0314217 -0.450173
82000 0.0579686 -0.00841946 -0.0919297
83000 -0.0362046 0.0187279 0.10416
84000 0.0137949 0.0125403 0.0251011
85000 0.0037071 -0.0220329 -0.434869
86000 0.0127999 0.0188682 -0.0690076
87000 -0.0166054 0.00438355 0.103285
88000 0.0127129 -0.0120886 -0.0809515
89000 0.00729916 -0.000304051 0.0128524
90000 -0.00296174 0.0155272 0.0653004
91000 0.00345349 0.00288461 -0.104732
92000 -0.00143467 0.0141035 -0.227958
93000 0.00738333 -0.0101493 -0.111443
94000 0.0103394 0.00119571 0.040213
95000 -0.00967693 0.00691878 0.00292009
96000 0.0122725 0.0123591 -0.0160284
97000 0.000418141 -0.0151481 -0.0141585
98000 0.0200508 -0.000131096 -0.0374863
99000 -0.0193733 0.00952651 -0.0690412
100000 -7.18842e-05 -0.00113526 -0.169886
101000 0.0108272 0.00605354 0.0187785
102000 -0.00616775 -0.00621851 -0.0019177
103000 0.00842672 0.0082829 -0.021242
104000 0.00227315 0.00168523 -0.0294526
105000 -0.0168674 0.0101315 -0.0872614
106000 0.0325347 0.00294474 -0.0663632
107000 0.00122498 0.00521361 0.0182581
108000 0.0155801 -0.0189885 -0.0120292
109000 -0.0113527 -0.00146551 -0.0222241
110000 -0.00362708 -0.00328804 -0.174191
111000 0.0128242 0.00917784 0.0155915
112000 -2.29289e-05 0.0038096 -0.0456147
113000 -0.00362614 0.0206582 0.0852103
114000 0.00946974 -0.00247698 0.0213633
115000 -0.00842431 -0.00330442 -0.0870416
116000 -0.00231198 0.025035 -0.0472394
117000 0.0156093 -0.0280346 -0.102083
118000 0.0071888 0.00304926 -0.060948
119000 -0.000925866 -0.00954642 0.0210651
120000 0.00932744 -0.00277435 0.00692725
121000 0.00915252 0.0140779 0.0483876
122000 0.0092459 -0.00848695 -0.0209001
123000 -0.00887781 0.00556154 -0.0595207
124000 0.0117415 0.0159636 0.00327976
125000 0.00699369 -0.0230538 -0.077578
126000 -0.00427238 0.0124402 0.0105434
127000 -0.0187804 0.0293413 0.0116646
128000 0.0130622 0.00361528 0.0477925
129000 -0.0092841 0.00534522 -0.00131373
130000 0.0341933 -0.0245123 -0.0421882
131000 -0.0102006 0.00539693 -0.0325659
132000 0.0114997 -0.00457265 -0.075564
133000 0.012817 -0.0381191 -0.0320362
134000 0.0201216 0.0327693 -0.0167558
135000 -0.0273081 0.00769234 0.0343213
136000 0.00619012 -0.00688697 0.0171646
137000 -0.00627037 0.0144734 -0.0360687
138000 0.0147008 0.0345748 -0.0168078
139000 0.00286932 -0.000704724 0.00226359
140000 -0.026671 -0.0124665 0.0108254
141000 0.011968 -0.0220986 -0.0396956
142000 0.0152024 -0.0055723 -0.0489443
143000 0.0128148 -0.0182392 -0.0354434
144000 -0.00114354 0.0546021 0.0972065
145000 0.00807195 -0.0131182 -0.0555929
146000 -0.00158908 -0.0105855 -0.0193167
147000 0.00418988 -0.00633196 -0.0497498
148000 -0.00923958 0.0102026 0.024844
149000 0.0163851 0.0223686 0.0238848
150000 0.018327 0.00851235 -0.00567685
151000 -0.00983798 0.0234371 0.0233877
152000 0.013449 0.00284749 -0.0456197
153000 -0.00504632 -0.00281512 0.00806175
154000 0.0110629 0.00663634 0.0443663
155000 0.00580465 -0.0245668 -0.0384914
156000 0.0106509 0.0290142 -0.0117226
157000 -0.0126561 0.00479995 0.00545357
158000 0.0146931 -0.00301217 0.00741175
159000 -0.0205799 -0.0275508 -0.0616745
160000 0.026898 0.0377865 0.0298624
161000 -0.0132128 -0.0207562 -0.0345109
162000 0.0010022 0.0102521 0.00195675
163000 -0.00465547 -0.0347281 -0.0280932
164000 0.0149215 -0.000101353 -0.031271
165000 0.00901086 0.045416 0.0476419
166000 -0.012022 -0.0161863 -0.032922
167000 0.0062094 0.0681542 0.0556859
168000 0.0174995 -0.0200297 -0.0152525
169000 -0.00858685 -0.026865 0.0172569
170000 0.0073352 -0.00355763 -0.0733828
171000 0.0110622 -0.0226317 0.00854151
172000 -0.0159874 0.0238782 -0.0241258
173000 0.00864684 0.0159557 0.00984792
174000 0.00463675 -0.00608856 0.0200431
175000 -0.00422503 0.0188428 0.0128538
176000 0.00820971 -0.00464327 -0.0188059
177000 0.0337666 0.0509589 -0.0145701
178000 -0.0158408 0.000685093 -0.018072
179000 -0.00411926 0.00603186 0.0357738
180000 -0.00284611 -0.0127944 -0.0260356
181000 0.0221334 0.0285066 0.0181026
182000 -0.0305088 0.0272367 0.00566443
183000 0.0271154 -0.0202342 0.00675243
184000 0.00665003 -0.0473495 -0.0536633
185000 -0.00271512 -0.0189559 -0.0131063
186000 0.0114763 0.0571681 0.0062084
187000 -0.00604078 -0.0322047 -0.00847762
188000 0.000652277 0.0466512 0.00428227
189000 0.0176803 -0.0613986 -0.0227485
190000 -0.00066065 -0.0150112 -0.00584925
191000 0.00232535 0.0130534 0.0299946
192000 0.0146377 0.0290562 0.0362679
193000 0.00124431 0.0694671 -0.0213483
194000 -0.0192744 0.000911746 0.0323906
195000 0.0401727 0.0463372 0.0232727
196000 -0.0070568 -0.00325842 -0.00989301
197000 -0.0120321 0.00345056 0.0166566
198000 0.0057846 0.0194209 0.0298175
199000 0.0150095 -0.00760639 0.0167002
200000 0.00852328 0.032311 -0.0126461
